0 info it worked if it ends with ok
1 verbose cli [ 'C:\\Program Files (x86)\\nodejs\\node.exe',
1 verbose cli   'C:\\Program Files (x86)\\nodejs\\node_modules\\npm\\bin\\npm-cli.js',
1 verbose cli   'run',
1 verbose cli   'dev' ]
2 info using npm@3.10.10
3 info using node@v6.10.1
4 verbose run-script [ 'predev', 'dev', 'postdev' ]
5 info lifecycle pulse-panel@1.0.0~predev: pulse-panel@1.0.0
6 silly lifecycle pulse-panel@1.0.0~predev: no script for predev, continuing
7 info lifecycle pulse-panel@1.0.0~dev: pulse-panel@1.0.0
8 verbose lifecycle pulse-panel@1.0.0~dev: unsafe-perm in lifecycle true
9 verbose lifecycle pulse-panel@1.0.0~dev: PATH: C:\Program Files (x86)\nodejs\node_modules\npm\bin\node-gyp-bin;C:\Projects\pulse-panel\node_modules\.bin;C:\Program Files\Common Files\Oracle\Java\javapath;C:\Program Files (x86)\Common Files\Oracle\Java\java8path;C:\Program Files (x86)\Common Files\Oracle\Java\javapath;C:\Windows\system32;C:\Windows;C:\Windows\System32\Wbem;C:\Windows\System32\WindowsPowerShell\v1.0\;C:\Windows\System32\OpenSSH\;C:\Program Files (x86)\nodejs\;C:\Program Files\Git\cmd;C:\Users\pc\AppData\Local\Programs\Python\Python314\Scripts\;C:\Users\pc\AppData\Local\Programs\Python\Python314\;C:\Users\pc\AppData\Local\Programs\Python\Launcher\;C:\Users\pc\AppData\Local\Microsoft\WindowsApps;C:\Users\pc\AppData\Roaming\npm;C:\Users\pc\AppData\Local\Programs\Python\Python314\;C:\Users\pc\AppData\Local\Programs\Python\Python314\;C:\Users\pc\AppData\Local\Programs\Microsoft VS Code\bin
10 verbose lifecycle pulse-panel@1.0.0~dev: CWD: C:\Projects\pulse-panel
11 silly lifecycle pulse-panel@1.0.0~dev: Args: [ '/d /s /c', 'next dev' ]
12 silly lifecycle pulse-panel@1.0.0~dev: Returned: code: 1  signal: null
13 info lifecycle pulse-panel@1.0.0~dev: Failed to exec dev script
14 verbose stack Error: pulse-panel@1.0.0 dev: `next dev`
14 verbose stack Exit status 1
14 verbose stack     at EventEmitter.<anonymous> (C:\Program Files (x86)\nodejs\node_modules\npm\lib\utils\lifecycle.js:255:16)
14 verbose stack     at emitTwo (events.js:106:13)
14 verbose stack     at EventEmitter.emit (events.js:191:7)
14 verbose stack     at ChildProcess.<anonymous> (C:\Program Files (x86)\nodejs\node_modules\npm\lib\utils\spawn.js:40:14)
14 verbose stack     at emitTwo (events.js:106:13)
14 verbose stack     at ChildProcess.emit (events.js:191:7)
14 verbose stack     at maybeClose (internal/child_process.js:886:16)
14 verbose stack     at Process.ChildProcess._handle.onexit (internal/child_process.js:226:5)
15 verbose pkgid pulse-panel@1.0.0
16 verbose cwd C:\Projects\pulse-panel
17 error Windows_NT 10.0.19045
18 error argv "C:\\Program Files (x86)\\nodejs\\node.exe" "C:\\Program Files (x86)\\nodejs\\node_modules\\npm\\bin\\npm-cli.js" "run" "dev"
19 error node v6.10.1
20 error npm  v3.10.10
21 error code ELIFECYCLE
22 error pulse-panel@1.0.0 dev: `next dev`
22 error Exit status 1
23 error Failed at the pulse-panel@1.0.0 dev script 'next dev'.
23 error Make sure you have the latest version of node.js and npm installed.
23 error If you do, this is most likely a problem with the pulse-panel package,
23 error not with npm itself.
23 error Tell the author that this fails on your system:
23 error     next dev
23 error You can get information on how to open an issue for this project with:
23 error     npm bugs pulse-panel
23 error Or if that isn't available, you can get their info via:
23 error     npm owner ls pulse-panel
23 error There is likely additional logging output above.
24 verbose exit [ 1, true ]
